<?xml version="1.0" encoding="UTF-8"?>
<!-- Generated by org.testng.reporters.JUnitReportReporter -->
<testsuite hostname="vadivel" failures="0" tests="1" name="admin.admin_test" time="73.563" errors="0" timestamp="2023-07-14T16:05:29 IST" skipped="0">
  <testcase classname="admin.admin_test" name="event_create" time="73.563"/>
  <system-out/>
</testsuite> <!-- admin.admin_test -->
