<?xml version="1.0" encoding="UTF-8"?>
<!-- Generated by org.testng.reporters.JUnitReportReporter -->
<testsuite hostname="vadivel" failures="0" tests="1" name="user.user_test" time="43.595" errors="0" timestamp="2023-07-14T11:01:29 IST" skipped="0">
  <testcase classname="user.user_test" name="user_log" time="43.595"/>
  <system-out/>
</testsuite> <!-- user.user_test -->
