<?xml version="1.0" encoding="UTF-8"?>
<!-- Generated by org.testng.reporters.JUnitReportReporter -->
<testsuite hostname="vadivel" failures="0" tests="1" name="user.user_test" time="79.908" errors="0" timestamp="2023-07-14T12:17:31 IST" skipped="0">
  <testcase classname="user.user_test" name="user_log" time="79.908"/>
  <system-out/>
</testsuite> <!-- user.user_test -->
