<?xml version="1.0" encoding="UTF-8"?>
<!-- Generated by org.testng.reporters.JUnitReportReporter -->
<testsuite hostname="vadivel" failures="0" tests="1" name="admin.admin_flow_test" time="12.026" errors="0" timestamp="2023-07-25T15:36:31 IST" skipped="0">
  <testcase classname="admin.admin_flow_test" name="event_create" time="12.026"/>
  <system-out/>
</testsuite> <!-- admin.admin_flow_test -->
