<?xml version="1.0" encoding="UTF-8"?>
<!-- Generated by org.testng.reporters.JUnitReportReporter -->
<testsuite hostname="vadivel" failures="0" tests="1" name="admin.admin_flow_test" time="4.335" errors="0" timestamp="2023-07-21T12:39:42 IST" skipped="0">
  <testcase classname="admin.admin_flow_test" name="event_create" time="4.335"/>
  <system-out/>
</testsuite> <!-- admin.admin_flow_test -->
