<?xml version="1.0" encoding="UTF-8"?>
<!-- Generated by org.testng.reporters.JUnitReportReporter -->
<testsuite hostname="vadivel" failures="0" tests="1" name="user.user_test" time="128.233" errors="0" timestamp="2023-07-17T14:26:09 IST" skipped="0">
  <testcase classname="user.user_test" name="user_log" time="128.233"/>
  <system-out/>
</testsuite> <!-- user.user_test -->
