<?xml version="1.0" encoding="UTF-8"?>
<!-- Generated by org.testng.reporters.JUnitReportReporter -->
<testsuite hostname="vadivel" failures="0" tests="1" name="user.register" time="35.067" errors="0" timestamp="2023-07-14T10:34:03 IST" skipped="0">
  <testcase classname="user.register" name="register" time="35.067"/>
  <system-out/>
</testsuite> <!-- user.register -->
