<?xml version="1.0" encoding="UTF-8"?>
<!-- Generated by org.testng.reporters.JUnitReportReporter -->
<testsuite hostname="vadivel" failures="0" tests="1" name="user.user_flow_testing" time="63.171" errors="0" timestamp="2023-07-25T18:17:56 IST" skipped="0">
  <testcase classname="user.user_flow_testing" name="user_log" time="63.171"/>
  <system-out/>
</testsuite> <!-- user.user_flow_testing -->
