<?xml version="1.0" encoding="UTF-8"?>
<!-- Generated by org.testng.reporters.JUnitReportReporter -->
<testsuite hostname="vadivel" failures="0" tests="1" name="user.user_flow_testing" time="57.958" errors="0" timestamp="2023-07-24T12:04:34 IST" skipped="0">
  <testcase classname="user.user_flow_testing" name="user_log" time="57.958"/>
  <system-out/>
</testsuite> <!-- user.user_flow_testing -->
