<?xml version="1.0" encoding="UTF-8"?>
<!-- Generated by org.testng.reporters.JUnitReportReporter -->
<testsuite hostname="vadivel" failures="0" tests="1" name="user.user_flow_testing" time="56.355" errors="0" timestamp="2023-07-21T16:42:12 IST" skipped="0">
  <testcase classname="user.user_flow_testing" name="user_log" time="56.355"/>
  <system-out/>
</testsuite> <!-- user.user_flow_testing -->
